<?xml version="1.0" encoding="utf-8"?><testsuites name="pytest tests"><testsuite name="pytest" errors="0" failures="0" skipped="0" tests="13" time="0.959" timestamp="2026-01-31T10:53:47.347376-03:00" hostname="agent-env-baf7ae6f-8bc1-4d9b-a833-07ed62a989bf"><testcase classname="tests.test_license_management.TestSalespeople" name="test_get_salespeople_success" time="0.394" /><testcase classname="tests.test_license_management.TestSalespeople" name="test_get_salespeople_unauthorized" time="0.033" /><testcase classname="tests.test_license_management.TestLicenseRenewal" name="test_renew_license_default_days" time="0.046" /><testcase classname="tests.test_license_management.TestLicenseRenewal" name="test_renew_license_custom_days" time="0.023" /><testcase classname="tests.test_license_management.TestLicenseRenewal" name="test_renew_license_not_found" time="0.061" /><testcase classname="tests.test_license_management.TestLicenseRenewal" name="test_renew_license_unauthorized" time="0.030" /><testcase classname="tests.test_license_management.TestLicenseHistory" name="test_get_license_history_success" time="0.086" /><testcase classname="tests.test_license_management.TestLicenseHistory" name="test_get_license_history_not_found" time="0.022" /><testcase classname="tests.test_license_management.TestLicenseHistory" name="test_get_license_history_unauthorized" time="0.030" /><testcase classname="tests.test_license_management.TestLicenseUpdateNewFields" name="test_update_license_validity_days" time="0.043" /><testcase classname="tests.test_license_management.TestLicenseUpdateNewFields" name="test_update_license_salesperson" time="0.039" /><testcase classname="tests.test_license_management.TestLicenseUpdateNewFields" name="test_update_license_all_new_fields" time="0.025" /><testcase classname="tests.test_license_management.TestKnownLicenseHistory" name="test_known_license_exists" time="0.021" /></testsuite></testsuites>