<?xml version="1.0" encoding="utf-8"?><testsuites name="pytest tests"><testsuite name="pytest" errors="0" failures="4" skipped="6" tests="14" time="2.527" timestamp="2026-01-31T10:51:52.962037-03:00" hostname="agent-env-baf7ae6f-8bc1-4d9b-a833-07ed62a989bf"><testcase classname="tests.test_license_management.TestAuthSetup" name="test_super_admin_login" time="0.423"><failure message="AssertionError: No access_token in response&#10;assert 'access_token' in {'message': 'Login successful', 'success': True, 'token_expires_in': 900, 'user': {'created_at': '2025-10-29T21:35:00.363000', 'email': 'superadmin@autotech.com', 'id': '22bda448-8650-45f9-bfd9-cbbf27e2963b', 'is_active': True, ...}}">tests/test_license_management.py:53: in test_super_admin_login
    assert "access_token" in data, "No access_token in response"
E   AssertionError: No access_token in response
E   assert 'access_token' in {'message': 'Login successful', 'success': True, 'token_expires_in': 900, 'user': {'created_at': '2025-10-29T21:35:00.363000', 'email': 'superadmin@autotech.com', 'id': '22bda448-8650-45f9-bfd9-cbbf27e2963b', 'is_active': True, ...}}</failure></testcase><testcase classname="tests.test_license_management.TestSalespeople" name="test_get_salespeople_success" time="0.309"><failure message="AssertionError: Failed to get salespeople: {&quot;detail&quot;:&quot;Could not validate credentials&quot;}&#10;assert 401 == 200&#10; +  where 401 = &lt;Response [401]&gt;.status_code">tests/test_license_management.py:94: in test_get_salespeople_success
    assert response.status_code == 200, f"Failed to get salespeople: {response.text}"
E   AssertionError: Failed to get salespeople: {"detail":"Could not validate credentials"}
E   assert 401 == 200
E    +  where 401 = &lt;Response [401]&gt;.status_code</failure></testcase><testcase classname="tests.test_license_management.TestSalespeople" name="test_get_salespeople_unauthorized" time="0.036" /><testcase classname="tests.test_license_management.TestLicenseRenewal" name="test_renew_license_default_days" time="0.357"><skipped type="pytest.skip" message="Could not get or create test license">/app/backend/tests/test_license_management.py:181: Could not get or create test license</skipped></testcase><testcase classname="tests.test_license_management.TestLicenseRenewal" name="test_renew_license_custom_days" time="0.000"><skipped type="pytest.skip" message="Could not get or create test license">/app/backend/tests/test_license_management.py:212: Could not get or create test license</skipped></testcase><testcase classname="tests.test_license_management.TestLicenseRenewal" name="test_renew_license_not_found" time="0.028"><failure message="AssertionError: Expected 404, got 401&#10;assert 401 == 404&#10; +  where 401 = &lt;Response [401]&gt;.status_code">tests/test_license_management.py:245: in test_renew_license_not_found
    assert response.status_code == 404, f"Expected 404, got {response.status_code}"
E   AssertionError: Expected 404, got 401
E   assert 401 == 404
E    +  where 401 = &lt;Response [401]&gt;.status_code</failure></testcase><testcase classname="tests.test_license_management.TestLicenseRenewal" name="test_renew_license_unauthorized" time="0.028" /><testcase classname="tests.test_license_management.TestLicenseHistory" name="test_get_license_history_success" time="0.355"><skipped type="pytest.skip" message="Could not find or create license with history">/app/backend/tests/test_license_management.py:310: Could not find or create license with history</skipped></testcase><testcase classname="tests.test_license_management.TestLicenseHistory" name="test_get_license_history_not_found" time="0.036"><failure message="AssertionError: Expected 404, got 401&#10;assert 401 == 404&#10; +  where 401 = &lt;Response [401]&gt;.status_code">tests/test_license_management.py:353: in test_get_license_history_not_found
    assert response.status_code == 404, f"Expected 404, got {response.status_code}"
E   AssertionError: Expected 404, got 401
E   assert 401 == 404
E    +  where 401 = &lt;Response [401]&gt;.status_code</failure></testcase><testcase classname="tests.test_license_management.TestLicenseHistory" name="test_get_license_history_unauthorized" time="0.036" /><testcase classname="tests.test_license_management.TestLicenseUpdateNewFields" name="test_update_license_validity_days" time="0.303"><skipped type="pytest.skip" message="Could not get test license">/app/backend/tests/test_license_management.py:418: Could not get test license</skipped></testcase><testcase classname="tests.test_license_management.TestLicenseUpdateNewFields" name="test_update_license_salesperson" time="0.001"><skipped type="pytest.skip" message="Could not get test license">/app/backend/tests/test_license_management.py:436: Could not get test license</skipped></testcase><testcase classname="tests.test_license_management.TestLicenseUpdateNewFields" name="test_update_license_all_new_fields" time="0.000"><skipped type="pytest.skip" message="Could not get test license">/app/backend/tests/test_license_management.py:457: Could not get test license</skipped></testcase><testcase classname="tests.test_license_management.TestKnownLicenseHistory" name="test_known_license_exists" time="0.309" /></testsuite></testsuites>