<?xml version="1.0" encoding="utf-8"?><testsuites name="pytest tests"><testsuite name="pytest" errors="0" failures="0" skipped="0" tests="10" time="5.348" timestamp="2026-03-06T15:14:56.976200-03:00" hostname="agent-env-59fc14ff-984a-4044-8553-4f66008b7090"><testcase classname="tests.test_certificate_public.TestPublicCertificateEndpoints" name="test_get_certificate_by_code_success" time="0.319" /><testcase classname="tests.test_certificate_public.TestPublicCertificateEndpoints" name="test_get_certificate_by_code_not_found" time="0.142" /><testcase classname="tests.test_certificate_public.TestPublicCertificateEndpoints" name="test_get_certificate_pdf_success" time="1.994" /><testcase classname="tests.test_certificate_public.TestPublicCertificateEndpoints" name="test_get_certificate_pdf_not_found" time="0.102" /><testcase classname="tests.test_certificate_public.TestPublicCertificateEndpoints" name="test_certificate_password_is_masked" time="0.146" /><testcase classname="tests.test_certificate_public.TestPublicCertificateEndpoints" name="test_certificate_view_count_increments" time="0.286" /><testcase classname="tests.test_certificate_public.TestCertificateValidationStatus" name="test_active_certificate_status" time="0.128" /><testcase classname="tests.test_certificate_public.TestNoAuthRequired" name="test_certificate_endpoint_no_auth_header" time="0.126" /><testcase classname="tests.test_certificate_public.TestNoAuthRequired" name="test_pdf_endpoint_no_auth_header" time="1.776" /><testcase classname="tests.test_certificate_public.TestNoAuthRequired" name="test_certificate_endpoint_no_tenant_header" time="0.129" /></testsuite></testsuites>