<?xml version="1.0" encoding="utf-8"?><testsuites name="pytest tests"><testsuite name="pytest" errors="0" failures="0" skipped="0" tests="7" time="10.672" timestamp="2026-04-16T15:57:16.479530-03:00" hostname="agent-env-f320dc5c-ac93-4c80-a0a4-11075ae656fe"><testcase classname="tests.test_certificate_preview.TestCertificatePreviewPDF" name="test_preview_pdf_returns_valid_pdf" time="2.108" /><testcase classname="tests.test_certificate_preview.TestCertificatePreviewPDF" name="test_preview_pdf_has_correct_headers" time="1.808" /><testcase classname="tests.test_certificate_preview.TestCertificatePreviewPDF" name="test_preview_pdf_requires_authentication" time="0.725" /><testcase classname="tests.test_certificate_preview.TestCertificatePreviewPDF" name="test_preview_pdf_uses_tenant_settings" time="1.948" /><testcase classname="tests.test_certificate_preview.TestCertificatePreviewPDFWithSuperAdmin" name="test_superadmin_can_generate_preview_pdf" time="2.490" /><testcase classname="tests.test_certificate_preview.TestCertificateSettingsEndpoint" name="test_get_certificate_settings" time="0.845" /><testcase classname="tests.test_certificate_preview.TestCertificateSettingsEndpoint" name="test_certificate_settings_requires_auth" time="0.555" /></testsuite></testsuites>